<?xml version="1.0" encoding="UTF-8"?>
<!-- Generated by org.testng.reporters.JUnitXMLReporter -->
<testsuite ignored="0" hostname="GaganSg" failures="0" tests="3" name="Login Tests" time="42.533" errors="0" timestamp="2026-05-17T17:25:52 IST">
  <testcase classname="tests.loginTest" name="testInvalidLogin" time="7.618"/>
  <testcase classname="tests.loginTest" name="testShortPassword" time="4.998"/>
  <testcase classname="tests.loginTest" name="testValidLogin" time="6.562"/>
</testsuite> <!-- Login Tests -->
